2020-12-19 14:28:02,507:INFO:PyCaret Supervised Module
2020-12-19 14:28:02,507:INFO:ML Usecase: classification
2020-12-19 14:28:02,507:INFO:version 2.2.2
2020-12-19 14:28:02,507:INFO:Initializing setup()
2020-12-19 14:28:02,507:INFO:setup(target=60, ml_usecase=classification, available_plots={'parameter': 'Hyperparameters', 'auc': 'AUC', 'confusion_matrix': 'Confusion Matrix', 'threshold': 'Threshold', 'pr': 'Precision Recall', 'error': 'Prediction Error', 'class_report': 'Class Report', 'rfe': 'Feature Selection', 'learning': 'Learning Curve', 'manifold': 'Manifold Learning', 'calibration': 'Calibration Curve', 'vc': 'Validation Curve', 'dimension': 'Dimensions', 'feature': 'Feature Importance', 'feature_all': 'Feature Importance (All)', 'boundary': 'Decision Boundary', 'lift': 'Lift Chart', 'gain': 'Gain Chart', 'tree': 'Decision Tree'}, train_size=0.7, test_data=None, preprocess=True, imputation_type=simple, iterative_imputation_iters=5, categorical_features=None, categorical_imputation=constant, categorical_iterative_imputer=lightgbm, ordinal_features=None, high_cardinality_features=None, high_cardinality_method=frequency, numeric_features=None, numeric_imputation=mean, numeric_iterative_imputer=lightgbm, date_features=None, ignore_features=None, normalize=False, normalize_method=zscore, transformation=False, transformation_method=yeo-johnson, handle_unknown_categorical=True, unknown_categorical_method=least_frequent, pca=False, pca_method=linear, pca_components=None, ignore_low_variance=False, combine_rare_levels=False, rare_level_threshold=0.1, bin_numeric_features=None, remove_outliers=False, outliers_threshold=0.05, remove_multicollinearity=False, multicollinearity_threshold=0.9, remove_perfect_collinearity=True, create_clusters=False, cluster_iter=20, polynomial_features=False, polynomial_degree=2, trigonometry_features=False, polynomial_threshold=0.1, group_features=None, group_names=None, feature_selection=False, feature_selection_threshold=0.8, feature_selection_method=classic, feature_interaction=False, feature_ratio=False, interaction_threshold=0.01, fix_imbalance=False, fix_imbalance_method=None, transform_target=False, transform_target_method=box-cox, data_split_shuffle=True, data_split_stratify=False, fold_strategy=stratifiedkfold, fold=10, fold_shuffle=False, fold_groups=None, n_jobs=-1, use_gpu=False, custom_pipeline=None, html=False, session_id=None, log_experiment=False, experiment_name=None, log_plots=False, log_profile=False, log_data=False, silent=True, verbose=False, profile=False, profile_kwargs=None, display=None)
2020-12-19 14:28:02,526:INFO:Checking environment
2020-12-19 14:28:02,526:INFO:python_version: 3.8.5
2020-12-19 14:28:02,526:INFO:python_build: ('tags/v3.8.5:580fbb0', 'Jul 20 2020 15:57:54')
2020-12-19 14:28:02,526:INFO:machine: AMD64
2020-12-19 14:28:02,526:INFO:platform: Windows-10-10.0.19041-SP0
2020-12-19 14:28:02,526:WARNING:cannot find psutil installation. memory not traceable. Install psutil using pip to enable memory logging.
2020-12-19 14:28:02,526:INFO:Checking libraries
2020-12-19 14:28:02,526:INFO:pd==1.1.4
2020-12-19 14:28:02,526:INFO:numpy==1.19.3
2020-12-19 14:28:02,526:INFO:sklearn==0.23.2
2020-12-19 14:28:02,874:INFO:xgboost==1.1.1
2020-12-19 14:28:02,874:INFO:lightgbm==2.3.1
2020-12-19 14:28:03,397:INFO:catboost==0.24.1
2020-12-19 14:28:04,932:INFO:mlflow==1.11.0
2020-12-19 14:28:04,932:INFO:Checking Exceptions
2020-12-19 14:28:04,932:INFO:Declaring global variables
2020-12-19 14:28:04,932:INFO:USI: e827
2020-12-19 14:28:04,932:INFO:pycaret_globals: {'_available_plots', 'html_param', 'X', 'transform_target_method_param', 'master_model_container', 'fold_groups_param', 'fix_imbalance_method_param', 'logging_param', 'gpu_param', 'y', 'USI', 'imputation_regressor', 'prep_pipe', 'transform_target_param', '_all_models', 'n_jobs_param', 'X_train', '_all_metrics', 'seed', 'display_container', 'create_model_container', 'experiment__', 'target_param', '_ml_usecase', 'iterative_imputation_iters_param', 'data_before_preprocess', 'stratify_param', 'y_train', '_internal_pipeline', 'fold_param', '_gpu_n_jobs_param', 'imputation_classifier', 'pycaret_globals', '_all_models_internal', 'fold_shuffle_param', 'X_test', 'exp_name_log', 'y_test', 'fix_imbalance_param', 'log_plots_param', 'fold_generator'}
2020-12-19 14:28:04,932:INFO:Preparing display monitor
2020-12-19 14:28:04,932:INFO:Importing libraries
2020-12-19 14:28:04,932:INFO:Copying data for preprocessing
2020-12-19 14:28:04,932:INFO:Declaring preprocessing parameters
2020-12-19 14:28:04,936:INFO:Creating preprocessing pipeline
2020-12-19 14:28:04,960:INFO:Preprocessing pipeline created successfully
2020-12-19 14:28:04,964:ERROR:(Process Exit): setup has been interupted with user command 'quit'. setup must rerun.
2020-12-19 14:28:04,964:INFO:Creating global containers
2020-12-19 14:28:04,964:INFO:Internal pipeline: Pipeline(memory=None, steps=[('empty_step', 'passthrough')], verbose=False)
2020-12-19 14:28:05,555:INFO:Creating grid variables
2020-12-19 14:28:05,563:INFO:create_model_container: 0
2020-12-19 14:28:05,563:INFO:master_model_container: 0
2020-12-19 14:28:05,563:INFO:display_container: 0
2020-12-19 14:28:05,571:INFO:Pipeline(memory=None,
         steps=[('dtypes',
                 DataTypes_Auto_infer(categorical_features=[],
                                      display_types=False, features_todrop=[],
                                      id_columns=[],
                                      ml_usecase='classification',
                                      numerical_features=[], target='60',
                                      time_features=[])),
                ('imputer',
                 Simple_Imputer(categorical_strategy='not_available',
                                fill_value_categorical=None,
                                fill_value_numerical=None,
                                numeric_strategy...
                ('scaling', 'passthrough'), ('P_transform', 'passthrough'),
                ('binn', 'passthrough'), ('rem_outliers', 'passthrough'),
                ('cluster_all', 'passthrough'), ('dummy', Dummify(target='60')),
                ('fix_perfect', Remove_100(target='60')),
                ('clean_names', Clean_Colum_Names()),
                ('feature_select', 'passthrough'), ('fix_multi', 'passthrough'),
                ('dfs', 'passthrough'), ('pca', 'passthrough')],
         verbose=False)
2020-12-19 14:28:05,571:INFO:setup() succesfully completed......................................
2020-12-19 14:28:05,647:INFO:Initializing compare_models()
2020-12-19 14:28:05,647:INFO:compare_models(include=None, fold=None, round=4, cross_validation=True, sort=Accuracy, n_select=1, budget_time=None, turbo=True, errors=ignore, fit_kwargs=None, groups=None, verbose=True, display=None, exclude=None)
2020-12-19 14:28:05,647:INFO:Checking exceptions
2020-12-19 14:28:05,647:INFO:Preparing display monitor
2020-12-19 14:28:05,647:INFO:Preparing display monitor
2020-12-19 14:28:05,647:INFO:Initializing Logistic Regression
2020-12-19 14:28:05,647:INFO:Total runtime is 0.0 minutes
2020-12-19 14:28:05,647:INFO:SubProcess create_model() called ==================================
2020-12-19 14:28:05,651:INFO:Initializing create_model()
2020-12-19 14:28:05,651:INFO:create_model(estimator=lr, fold=StratifiedKFold(n_splits=10, random_state=2098, shuffle=False), round=4, cross_validation=True, predict=True, fit_kwargs={}, groups=None, refit=False, verbose=False, system=False, metrics=None, display=<pycaret.internal.Display.Display object at 0x000002CB40C3C2B0>, kwargs={})
2020-12-19 14:28:05,651:INFO:Checking exceptions
2020-12-19 14:28:05,651:INFO:Importing libraries
2020-12-19 14:28:05,651:INFO:Copying training dataset
2020-12-19 14:28:05,651:INFO:Defining folds
2020-12-19 14:28:05,651:INFO:Declaring metric variables
2020-12-19 14:28:05,651:INFO:Importing untrained model
2020-12-19 14:28:05,651:INFO:Logistic Regression Imported succesfully
2020-12-19 14:28:05,651:INFO:Starting cross validation
2020-12-19 14:28:05,651:INFO:Cross validating with StratifiedKFold(n_splits=10, random_state=2098, shuffle=False), n_jobs=-1
2020-12-19 14:28:13,666:INFO:Calculating mean and std
2020-12-19 14:28:13,670:INFO:Creating metrics dataframe
2020-12-19 14:28:13,678:INFO:Uploading results into container
2020-12-19 14:28:13,678:INFO:Uploading model into container now
2020-12-19 14:28:13,678:INFO:create_model_container: 1
2020-12-19 14:28:13,678:INFO:master_model_container: 1
2020-12-19 14:28:13,678:INFO:display_container: 1
2020-12-19 14:28:13,678:INFO:LogisticRegression(C=1.0, class_weight=None, dual=False, fit_intercept=True,
                   intercept_scaling=1, l1_ratio=None, max_iter=1000,
                   multi_class='auto', n_jobs=None, penalty='l2',
                   random_state=2098, solver='lbfgs', tol=0.0001, verbose=0,
                   warm_start=False)
2020-12-19 14:28:13,678:INFO:create_model() succesfully completed......................................
2020-12-19 14:28:13,774:INFO:SubProcess create_model() end ==================================
2020-12-19 14:28:13,774:INFO:Creating metrics dataframe
2020-12-19 14:28:13,794:INFO:Initializing K Neighbors Classifier
2020-12-19 14:28:13,794:INFO:Total runtime is 0.13578750689824423 minutes
2020-12-19 14:28:13,798:INFO:SubProcess create_model() called ==================================
2020-12-19 14:28:13,798:INFO:Initializing create_model()
2020-12-19 14:28:13,798:INFO:create_model(estimator=knn, fold=StratifiedKFold(n_splits=10, random_state=2098, shuffle=False), round=4, cross_validation=True, predict=True, fit_kwargs={}, groups=None, refit=False, verbose=False, system=False, metrics=None, display=<pycaret.internal.Display.Display object at 0x000002CB40C3C2B0>, kwargs={})
2020-12-19 14:28:13,798:INFO:Checking exceptions
2020-12-19 14:28:13,798:INFO:Importing libraries
2020-12-19 14:28:13,798:INFO:Copying training dataset
2020-12-19 14:28:13,798:INFO:Defining folds
2020-12-19 14:28:13,798:INFO:Declaring metric variables
2020-12-19 14:28:13,798:INFO:Importing untrained model
2020-12-19 14:28:13,798:INFO:K Neighbors Classifier Imported succesfully
2020-12-19 14:28:13,798:INFO:Starting cross validation
2020-12-19 14:28:13,798:INFO:Cross validating with StratifiedKFold(n_splits=10, random_state=2098, shuffle=False), n_jobs=-1
2020-12-19 14:28:13,959:INFO:Calculating mean and std
2020-12-19 14:28:13,959:INFO:Creating metrics dataframe
2020-12-19 14:28:13,967:INFO:Uploading results into container
2020-12-19 14:28:13,967:INFO:Uploading model into container now
2020-12-19 14:28:13,967:INFO:create_model_container: 2
2020-12-19 14:28:13,967:INFO:master_model_container: 2
2020-12-19 14:28:13,967:INFO:display_container: 1
2020-12-19 14:28:13,967:INFO:KNeighborsClassifier(algorithm='auto', leaf_size=30, metric='minkowski',
                     metric_params=None, n_jobs=-1, n_neighbors=5, p=2,
                     weights='uniform')
2020-12-19 14:28:13,967:INFO:create_model() succesfully completed......................................
2020-12-19 14:28:14,053:INFO:SubProcess create_model() end ==================================
2020-12-19 14:28:14,053:INFO:Creating metrics dataframe
2020-12-19 14:28:14,073:INFO:Initializing Naive Bayes
2020-12-19 14:28:14,073:INFO:Total runtime is 0.1404337008794149 minutes
2020-12-19 14:28:14,073:INFO:SubProcess create_model() called ==================================
2020-12-19 14:28:14,073:INFO:Initializing create_model()
2020-12-19 14:28:14,073:INFO:create_model(estimator=nb, fold=StratifiedKFold(n_splits=10, random_state=2098, shuffle=False), round=4, cross_validation=True, predict=True, fit_kwargs={}, groups=None, refit=False, verbose=False, system=False, metrics=None, display=<pycaret.internal.Display.Display object at 0x000002CB40C3C2B0>, kwargs={})
2020-12-19 14:28:14,073:INFO:Checking exceptions
2020-12-19 14:28:14,073:INFO:Importing libraries
2020-12-19 14:28:14,073:INFO:Copying training dataset
2020-12-19 14:28:14,073:INFO:Defining folds
2020-12-19 14:28:14,073:INFO:Declaring metric variables
2020-12-19 14:28:14,073:INFO:Importing untrained model
2020-12-19 14:28:14,073:INFO:Naive Bayes Imported succesfully
2020-12-19 14:28:14,073:INFO:Starting cross validation
2020-12-19 14:28:14,077:INFO:Cross validating with StratifiedKFold(n_splits=10, random_state=2098, shuffle=False), n_jobs=-1
2020-12-19 14:28:14,160:INFO:Calculating mean and std
2020-12-19 14:28:14,160:INFO:Creating metrics dataframe
2020-12-19 14:28:14,164:INFO:Uploading results into container
2020-12-19 14:28:14,164:INFO:Uploading model into container now
2020-12-19 14:28:14,164:INFO:create_model_container: 3
2020-12-19 14:28:14,164:INFO:master_model_container: 3
2020-12-19 14:28:14,164:INFO:display_container: 1
2020-12-19 14:28:14,164:INFO:GaussianNB(priors=None, var_smoothing=1e-09)
2020-12-19 14:28:14,164:INFO:create_model() succesfully completed......................................
2020-12-19 14:28:14,240:INFO:SubProcess create_model() end ==================================
2020-12-19 14:28:14,240:INFO:Creating metrics dataframe
2020-12-19 14:28:14,260:INFO:Initializing Decision Tree Classifier
2020-12-19 14:28:14,260:INFO:Total runtime is 0.14356446663538616 minutes
2020-12-19 14:28:14,260:INFO:SubProcess create_model() called ==================================
2020-12-19 14:28:14,260:INFO:Initializing create_model()
2020-12-19 14:28:14,260:INFO:create_model(estimator=dt, fold=StratifiedKFold(n_splits=10, random_state=2098, shuffle=False), round=4, cross_validation=True, predict=True, fit_kwargs={}, groups=None, refit=False, verbose=False, system=False, metrics=None, display=<pycaret.internal.Display.Display object at 0x000002CB40C3C2B0>, kwargs={})
2020-12-19 14:28:14,260:INFO:Checking exceptions
2020-12-19 14:28:14,260:INFO:Importing libraries
2020-12-19 14:28:14,260:INFO:Copying training dataset
2020-12-19 14:28:14,260:INFO:Defining folds
2020-12-19 14:28:14,260:INFO:Declaring metric variables
2020-12-19 14:28:14,260:INFO:Importing untrained model
2020-12-19 14:28:14,260:INFO:Decision Tree Classifier Imported succesfully
2020-12-19 14:28:14,260:INFO:Starting cross validation
2020-12-19 14:28:14,264:INFO:Cross validating with StratifiedKFold(n_splits=10, random_state=2098, shuffle=False), n_jobs=-1
2020-12-19 14:28:14,364:INFO:Calculating mean and std
2020-12-19 14:28:14,364:INFO:Creating metrics dataframe
2020-12-19 14:28:14,368:INFO:Uploading results into container
2020-12-19 14:28:14,368:INFO:Uploading model into container now
2020-12-19 14:28:14,368:INFO:create_model_container: 4
2020-12-19 14:28:14,368:INFO:master_model_container: 4
2020-12-19 14:28:14,368:INFO:display_container: 1
2020-12-19 14:28:14,368:INFO:DecisionTreeClassifier(ccp_alpha=0.0, class_weight=None, criterion='gini',
                       max_depth=None, max_features=None, max_leaf_nodes=None,
                       min_impurity_decrease=0.0, min_impurity_split=None,
                       min_samples_leaf=1, min_samples_split=2,
                       min_weight_fraction_leaf=0.0, presort='deprecated',
                       random_state=2098, splitter='best')
2020-12-19 14:28:14,372:INFO:create_model() succesfully completed......................................
2020-12-19 14:28:14,447:INFO:SubProcess create_model() end ==================================
2020-12-19 14:28:14,448:INFO:Creating metrics dataframe
2020-12-19 14:28:14,463:INFO:Initializing SVM - Linear Kernel
2020-12-19 14:28:14,463:INFO:Total runtime is 0.14693990548451744 minutes
2020-12-19 14:28:14,463:INFO:SubProcess create_model() called ==================================
2020-12-19 14:28:14,463:INFO:Initializing create_model()
2020-12-19 14:28:14,463:INFO:create_model(estimator=svm, fold=StratifiedKFold(n_splits=10, random_state=2098, shuffle=False), round=4, cross_validation=True, predict=True, fit_kwargs={}, groups=None, refit=False, verbose=False, system=False, metrics=None, display=<pycaret.internal.Display.Display object at 0x000002CB40C3C2B0>, kwargs={})
2020-12-19 14:28:14,463:INFO:Checking exceptions
2020-12-19 14:28:14,463:INFO:Importing libraries
2020-12-19 14:28:14,463:INFO:Copying training dataset
2020-12-19 14:28:14,463:INFO:Defining folds
2020-12-19 14:28:14,463:INFO:Declaring metric variables
2020-12-19 14:28:14,463:INFO:Importing untrained model
2020-12-19 14:28:14,467:INFO:SVM - Linear Kernel Imported succesfully
2020-12-19 14:28:14,467:INFO:Starting cross validation
2020-12-19 14:28:14,467:INFO:Cross validating with StratifiedKFold(n_splits=10, random_state=2098, shuffle=False), n_jobs=-1
2020-12-19 14:28:14,575:INFO:Calculating mean and std
2020-12-19 14:28:14,575:INFO:Creating metrics dataframe
2020-12-19 14:28:14,583:INFO:Uploading results into container
2020-12-19 14:28:14,583:INFO:Uploading model into container now
2020-12-19 14:28:14,587:INFO:create_model_container: 5
2020-12-19 14:28:14,587:INFO:master_model_container: 5
2020-12-19 14:28:14,587:INFO:display_container: 1
2020-12-19 14:28:14,587:INFO:SGDClassifier(alpha=0.0001, average=False, class_weight=None,
              early_stopping=False, epsilon=0.1, eta0=0.001, fit_intercept=True,
              l1_ratio=0.15, learning_rate='optimal', loss='hinge',
              max_iter=1000, n_iter_no_change=5, n_jobs=-1, penalty='l2',
              power_t=0.5, random_state=2098, shuffle=True, tol=0.001,
              validation_fraction=0.1, verbose=0, warm_start=False)
2020-12-19 14:28:14,587:INFO:create_model() succesfully completed......................................
2020-12-19 14:28:14,672:INFO:SubProcess create_model() end ==================================
2020-12-19 14:28:14,672:INFO:Creating metrics dataframe
2020-12-19 14:28:14,692:INFO:Initializing Ridge Classifier
2020-12-19 14:28:14,692:INFO:Total runtime is 0.1507592837015788 minutes
2020-12-19 14:28:14,692:INFO:SubProcess create_model() called ==================================
2020-12-19 14:28:14,692:INFO:Initializing create_model()
2020-12-19 14:28:14,692:INFO:create_model(estimator=ridge, fold=StratifiedKFold(n_splits=10, random_state=2098, shuffle=False), round=4, cross_validation=True, predict=True, fit_kwargs={}, groups=None, refit=False, verbose=False, system=False, metrics=None, display=<pycaret.internal.Display.Display object at 0x000002CB40C3C2B0>, kwargs={})
2020-12-19 14:28:14,692:INFO:Checking exceptions
2020-12-19 14:28:14,692:INFO:Importing libraries
2020-12-19 14:28:14,692:INFO:Copying training dataset
2020-12-19 14:28:14,692:INFO:Defining folds
2020-12-19 14:28:14,692:INFO:Declaring metric variables
2020-12-19 14:28:14,692:INFO:Importing untrained model
2020-12-19 14:28:14,696:INFO:Ridge Classifier Imported succesfully
2020-12-19 14:28:14,696:INFO:Starting cross validation
2020-12-19 14:28:14,696:INFO:Cross validating with StratifiedKFold(n_splits=10, random_state=2098, shuffle=False), n_jobs=-1
2020-12-19 14:28:14,784:INFO:Calculating mean and std
2020-12-19 14:28:14,784:INFO:Creating metrics dataframe
2020-12-19 14:28:14,788:INFO:Uploading results into container
2020-12-19 14:28:14,788:INFO:Uploading model into container now
2020-12-19 14:28:14,788:INFO:create_model_container: 6
2020-12-19 14:28:14,788:INFO:master_model_container: 6
2020-12-19 14:28:14,788:INFO:display_container: 1
2020-12-19 14:28:14,792:INFO:RidgeClassifier(alpha=1.0, class_weight=None, copy_X=True, fit_intercept=True,
                max_iter=None, normalize=False, random_state=2098,
                solver='auto', tol=0.001)
2020-12-19 14:28:14,792:INFO:create_model() succesfully completed......................................
2020-12-19 14:28:14,873:INFO:SubProcess create_model() end ==================================
2020-12-19 14:28:14,873:INFO:Creating metrics dataframe
2020-12-19 14:28:14,889:INFO:Initializing Random Forest Classifier
2020-12-19 14:28:14,889:INFO:Total runtime is 0.15404228766759237 minutes
2020-12-19 14:28:14,889:INFO:SubProcess create_model() called ==================================
2020-12-19 14:28:14,893:INFO:Initializing create_model()
2020-12-19 14:28:14,893:INFO:create_model(estimator=rf, fold=StratifiedKFold(n_splits=10, random_state=2098, shuffle=False), round=4, cross_validation=True, predict=True, fit_kwargs={}, groups=None, refit=False, verbose=False, system=False, metrics=None, display=<pycaret.internal.Display.Display object at 0x000002CB40C3C2B0>, kwargs={})
2020-12-19 14:28:14,893:INFO:Checking exceptions
2020-12-19 14:28:14,893:INFO:Importing libraries
2020-12-19 14:28:14,893:INFO:Copying training dataset
2020-12-19 14:28:14,893:INFO:Defining folds
2020-12-19 14:28:14,893:INFO:Declaring metric variables
2020-12-19 14:28:14,893:INFO:Importing untrained model
2020-12-19 14:28:14,893:INFO:Random Forest Classifier Imported succesfully
2020-12-19 14:28:14,893:INFO:Starting cross validation
2020-12-19 14:28:14,893:INFO:Cross validating with StratifiedKFold(n_splits=10, random_state=2098, shuffle=False), n_jobs=-1
2020-12-19 14:28:16,041:INFO:Calculating mean and std
2020-12-19 14:28:16,041:INFO:Creating metrics dataframe
2020-12-19 14:28:16,045:INFO:Uploading results into container
2020-12-19 14:28:16,045:INFO:Uploading model into container now
2020-12-19 14:28:16,045:INFO:create_model_container: 7
2020-12-19 14:28:16,045:INFO:master_model_container: 7
2020-12-19 14:28:16,045:INFO:display_container: 1
2020-12-19 14:28:16,049:INFO:RandomForestClassifier(bootstrap=True, ccp_alpha=0.0, class_weight=None,
                       criterion='gini', max_depth=None, max_features='auto',
                       max_leaf_nodes=None, max_samples=None,
                       min_impurity_decrease=0.0, min_impurity_split=None,
                       min_samples_leaf=1, min_samples_split=2,
                       min_weight_fraction_leaf=0.0, n_estimators=100,
                       n_jobs=-1, oob_score=False, random_state=2098, verbose=0,
                       warm_start=False)
2020-12-19 14:28:16,049:INFO:create_model() succesfully completed......................................
2020-12-19 14:28:16,133:INFO:SubProcess create_model() end ==================================
2020-12-19 14:28:16,133:INFO:Creating metrics dataframe
2020-12-19 14:28:16,157:INFO:Initializing Quadratic Discriminant Analysis
2020-12-19 14:28:16,157:INFO:Total runtime is 0.17517720858256022 minutes
2020-12-19 14:28:16,157:INFO:SubProcess create_model() called ==================================
2020-12-19 14:28:16,157:INFO:Initializing create_model()
2020-12-19 14:28:16,157:INFO:create_model(estimator=qda, fold=StratifiedKFold(n_splits=10, random_state=2098, shuffle=False), round=4, cross_validation=True, predict=True, fit_kwargs={}, groups=None, refit=False, verbose=False, system=False, metrics=None, display=<pycaret.internal.Display.Display object at 0x000002CB40C3C2B0>, kwargs={})
2020-12-19 14:28:16,157:INFO:Checking exceptions
2020-12-19 14:28:16,157:INFO:Importing libraries
2020-12-19 14:28:16,157:INFO:Copying training dataset
2020-12-19 14:28:16,157:INFO:Defining folds
2020-12-19 14:28:16,157:INFO:Declaring metric variables
2020-12-19 14:28:16,157:INFO:Importing untrained model
2020-12-19 14:28:16,157:INFO:Quadratic Discriminant Analysis Imported succesfully
2020-12-19 14:28:16,157:INFO:Starting cross validation
2020-12-19 14:28:16,157:INFO:Cross validating with StratifiedKFold(n_splits=10, random_state=2098, shuffle=False), n_jobs=-1
2020-12-19 14:28:16,299:INFO:Calculating mean and std
2020-12-19 14:28:16,299:INFO:Creating metrics dataframe
2020-12-19 14:28:16,307:INFO:Uploading results into container
2020-12-19 14:28:16,307:INFO:Uploading model into container now
2020-12-19 14:28:16,307:INFO:create_model_container: 8
2020-12-19 14:28:16,307:INFO:master_model_container: 8
2020-12-19 14:28:16,307:INFO:display_container: 1
2020-12-19 14:28:16,307:INFO:QuadraticDiscriminantAnalysis(priors=None, reg_param=0.0,
                              store_covariance=False, tol=0.0001)
2020-12-19 14:28:16,307:INFO:create_model() succesfully completed......................................
2020-12-19 14:28:16,384:INFO:SubProcess create_model() end ==================================
2020-12-19 14:28:16,384:INFO:Creating metrics dataframe
2020-12-19 14:28:16,404:INFO:Initializing Ada Boost Classifier
2020-12-19 14:28:16,404:INFO:Total runtime is 0.17928888400395712 minutes
2020-12-19 14:28:16,404:INFO:SubProcess create_model() called ==================================
2020-12-19 14:28:16,404:INFO:Initializing create_model()
2020-12-19 14:28:16,404:INFO:create_model(estimator=ada, fold=StratifiedKFold(n_splits=10, random_state=2098, shuffle=False), round=4, cross_validation=True, predict=True, fit_kwargs={}, groups=None, refit=False, verbose=False, system=False, metrics=None, display=<pycaret.internal.Display.Display object at 0x000002CB40C3C2B0>, kwargs={})
2020-12-19 14:28:16,404:INFO:Checking exceptions
2020-12-19 14:28:16,404:INFO:Importing libraries
2020-12-19 14:28:16,404:INFO:Copying training dataset
2020-12-19 14:28:16,404:INFO:Defining folds
2020-12-19 14:28:16,404:INFO:Declaring metric variables
2020-12-19 14:28:16,404:INFO:Importing untrained model
2020-12-19 14:28:16,408:INFO:Ada Boost Classifier Imported succesfully
2020-12-19 14:28:16,408:INFO:Starting cross validation
2020-12-19 14:28:16,408:INFO:Cross validating with StratifiedKFold(n_splits=10, random_state=2098, shuffle=False), n_jobs=-1
2020-12-19 14:28:16,963:INFO:Calculating mean and std
2020-12-19 14:28:16,963:INFO:Creating metrics dataframe
2020-12-19 14:28:16,971:INFO:Uploading results into container
2020-12-19 14:28:16,971:INFO:Uploading model into container now
2020-12-19 14:28:16,971:INFO:create_model_container: 9
2020-12-19 14:28:16,971:INFO:master_model_container: 9
2020-12-19 14:28:16,971:INFO:display_container: 1
2020-12-19 14:28:16,971:INFO:AdaBoostClassifier(algorithm='SAMME.R', base_estimator=None, learning_rate=1.0,
                   n_estimators=50, random_state=2098)
2020-12-19 14:28:16,971:INFO:create_model() succesfully completed......................................
2020-12-19 14:28:17,051:INFO:SubProcess create_model() end ==================================
2020-12-19 14:28:17,051:INFO:Creating metrics dataframe
2020-12-19 14:28:17,071:INFO:Initializing Gradient Boosting Classifier
2020-12-19 14:28:17,071:INFO:Total runtime is 0.19041230281194052 minutes
2020-12-19 14:28:17,075:INFO:SubProcess create_model() called ==================================
2020-12-19 14:28:17,075:INFO:Initializing create_model()
2020-12-19 14:28:17,075:INFO:create_model(estimator=gbc, fold=StratifiedKFold(n_splits=10, random_state=2098, shuffle=False), round=4, cross_validation=True, predict=True, fit_kwargs={}, groups=None, refit=False, verbose=False, system=False, metrics=None, display=<pycaret.internal.Display.Display object at 0x000002CB40C3C2B0>, kwargs={})
2020-12-19 14:28:17,075:INFO:Checking exceptions
2020-12-19 14:28:17,075:INFO:Importing libraries
2020-12-19 14:28:17,075:INFO:Copying training dataset
2020-12-19 14:28:17,075:INFO:Defining folds
2020-12-19 14:28:17,075:INFO:Declaring metric variables
2020-12-19 14:28:17,075:INFO:Importing untrained model
2020-12-19 14:28:17,075:INFO:Gradient Boosting Classifier Imported succesfully
2020-12-19 14:28:17,075:INFO:Starting cross validation
2020-12-19 14:28:17,075:INFO:Cross validating with StratifiedKFold(n_splits=10, random_state=2098, shuffle=False), n_jobs=-1
2020-12-19 14:28:17,974:INFO:Calculating mean and std
2020-12-19 14:28:17,974:INFO:Creating metrics dataframe
2020-12-19 14:28:17,982:INFO:Uploading results into container
2020-12-19 14:28:17,982:INFO:Uploading model into container now
2020-12-19 14:28:17,982:INFO:create_model_container: 10
2020-12-19 14:28:17,982:INFO:master_model_container: 10
2020-12-19 14:28:17,982:INFO:display_container: 1
2020-12-19 14:28:17,982:INFO:GradientBoostingClassifier(ccp_alpha=0.0, criterion='friedman_mse', init=None,
                           learning_rate=0.1, loss='deviance', max_depth=3,
                           max_features=None, max_leaf_nodes=None,
                           min_impurity_decrease=0.0, min_impurity_split=None,
                           min_samples_leaf=1, min_samples_split=2,
                           min_weight_fraction_leaf=0.0, n_estimators=100,
                           n_iter_no_change=None, presort='deprecated',
                           random_state=2098, subsample=1.0, tol=0.0001,
                           validation_fraction=0.1, verbose=0,
                           warm_start=False)
2020-12-19 14:28:17,982:INFO:create_model() succesfully completed......................................
2020-12-19 14:28:18,054:INFO:SubProcess create_model() end ==================================
2020-12-19 14:28:18,054:INFO:Creating metrics dataframe
2020-12-19 14:28:18,074:INFO:Initializing Linear Discriminant Analysis
2020-12-19 14:28:18,074:INFO:Total runtime is 0.2071284373601278 minutes
2020-12-19 14:28:18,074:INFO:SubProcess create_model() called ==================================
2020-12-19 14:28:18,074:INFO:Initializing create_model()
2020-12-19 14:28:18,074:INFO:create_model(estimator=lda, fold=StratifiedKFold(n_splits=10, random_state=2098, shuffle=False), round=4, cross_validation=True, predict=True, fit_kwargs={}, groups=None, refit=False, verbose=False, system=False, metrics=None, display=<pycaret.internal.Display.Display object at 0x000002CB40C3C2B0>, kwargs={})
2020-12-19 14:28:18,074:INFO:Checking exceptions
2020-12-19 14:28:18,074:INFO:Importing libraries
2020-12-19 14:28:18,074:INFO:Copying training dataset
2020-12-19 14:28:18,074:INFO:Defining folds
2020-12-19 14:28:18,074:INFO:Declaring metric variables
2020-12-19 14:28:18,074:INFO:Importing untrained model
2020-12-19 14:28:18,074:INFO:Linear Discriminant Analysis Imported succesfully
2020-12-19 14:28:18,074:INFO:Starting cross validation
2020-12-19 14:28:18,074:INFO:Cross validating with StratifiedKFold(n_splits=10, random_state=2098, shuffle=False), n_jobs=-1
2020-12-19 14:28:18,189:INFO:Calculating mean and std
2020-12-19 14:28:18,189:INFO:Creating metrics dataframe
2020-12-19 14:28:18,197:INFO:Uploading results into container
2020-12-19 14:28:18,197:INFO:Uploading model into container now
2020-12-19 14:28:18,197:INFO:create_model_container: 11
2020-12-19 14:28:18,197:INFO:master_model_container: 11
2020-12-19 14:28:18,197:INFO:display_container: 1
2020-12-19 14:28:18,197:INFO:LinearDiscriminantAnalysis(n_components=None, priors=None, shrinkage=None,
                           solver='svd', store_covariance=False, tol=0.0001)
2020-12-19 14:28:18,197:INFO:create_model() succesfully completed......................................
2020-12-19 14:28:18,274:INFO:SubProcess create_model() end ==================================
2020-12-19 14:28:18,274:INFO:Creating metrics dataframe
2020-12-19 14:28:18,298:INFO:Initializing Extra Trees Classifier
2020-12-19 14:28:18,298:INFO:Total runtime is 0.21085745493570965 minutes
2020-12-19 14:28:18,298:INFO:SubProcess create_model() called ==================================
2020-12-19 14:28:18,298:INFO:Initializing create_model()
2020-12-19 14:28:18,298:INFO:create_model(estimator=et, fold=StratifiedKFold(n_splits=10, random_state=2098, shuffle=False), round=4, cross_validation=True, predict=True, fit_kwargs={}, groups=None, refit=False, verbose=False, system=False, metrics=None, display=<pycaret.internal.Display.Display object at 0x000002CB40C3C2B0>, kwargs={})
2020-12-19 14:28:18,298:INFO:Checking exceptions
2020-12-19 14:28:18,298:INFO:Importing libraries
2020-12-19 14:28:18,298:INFO:Copying training dataset
2020-12-19 14:28:18,298:INFO:Defining folds
2020-12-19 14:28:18,298:INFO:Declaring metric variables
2020-12-19 14:28:18,298:INFO:Importing untrained model
2020-12-19 14:28:18,298:INFO:Extra Trees Classifier Imported succesfully
2020-12-19 14:28:18,298:INFO:Starting cross validation
2020-12-19 14:28:18,302:INFO:Cross validating with StratifiedKFold(n_splits=10, random_state=2098, shuffle=False), n_jobs=-1
2020-12-19 14:28:19,391:INFO:Calculating mean and std
2020-12-19 14:28:19,391:INFO:Creating metrics dataframe
2020-12-19 14:28:19,395:INFO:Uploading results into container
2020-12-19 14:28:19,395:INFO:Uploading model into container now
2020-12-19 14:28:19,395:INFO:create_model_container: 12
2020-12-19 14:28:19,395:INFO:master_model_container: 12
2020-12-19 14:28:19,395:INFO:display_container: 1
2020-12-19 14:28:19,395:INFO:ExtraTreesClassifier(bootstrap=False, ccp_alpha=0.0, class_weight=None,
                     criterion='gini', max_depth=None, max_features='auto',
                     max_leaf_nodes=None, max_samples=None,
                     min_impurity_decrease=0.0, min_impurity_split=None,
                     min_samples_leaf=1, min_samples_split=2,
                     min_weight_fraction_leaf=0.0, n_estimators=100, n_jobs=-1,
                     oob_score=False, random_state=2098, verbose=0,
                     warm_start=False)
2020-12-19 14:28:19,395:INFO:create_model() succesfully completed......................................
2020-12-19 14:28:19,479:INFO:SubProcess create_model() end ==================================
2020-12-19 14:28:19,479:INFO:Creating metrics dataframe
2020-12-19 14:28:19,503:INFO:Initializing Extreme Gradient Boosting
2020-12-19 14:28:19,503:INFO:Total runtime is 0.23093781073888145 minutes
2020-12-19 14:28:19,503:INFO:SubProcess create_model() called ==================================
2020-12-19 14:28:19,503:INFO:Initializing create_model()
2020-12-19 14:28:19,503:INFO:create_model(estimator=xgboost, fold=StratifiedKFold(n_splits=10, random_state=2098, shuffle=False), round=4, cross_validation=True, predict=True, fit_kwargs={}, groups=None, refit=False, verbose=False, system=False, metrics=None, display=<pycaret.internal.Display.Display object at 0x000002CB40C3C2B0>, kwargs={})
2020-12-19 14:28:19,503:INFO:Checking exceptions
2020-12-19 14:28:19,503:INFO:Importing libraries
2020-12-19 14:28:19,503:INFO:Copying training dataset
2020-12-19 14:28:19,503:INFO:Defining folds
2020-12-19 14:28:19,503:INFO:Declaring metric variables
2020-12-19 14:28:19,503:INFO:Importing untrained model
2020-12-19 14:28:19,503:INFO:Extreme Gradient Boosting Imported succesfully
2020-12-19 14:28:19,503:INFO:Starting cross validation
2020-12-19 14:28:19,503:WARNING:create_model() for xgboost raised an exception or returned all 0.0, trying without fit_kwargs:
2020-12-19 14:28:19,541:WARNING:Traceback (most recent call last):
  File "c:\users\hbani\appdata\local\programs\python\python38\lib\site-packages\pycaret\internal\pipeline.py", line 217, in add_estimator_to_pipeline
    assert hasattr(pipeline._final_estimator, "predict")
AssertionError

During handling of the above exception, another exception occurred:

Traceback (most recent call last):
  File "c:\users\hbani\appdata\local\programs\python\python38\lib\site-packages\pycaret\internal\tabular.py", line 2136, in compare_models
    model, model_fit_time = create_model_supervised(
  File "c:\users\hbani\appdata\local\programs\python\python38\lib\site-packages\pycaret\internal\tabular.py", line 3080, in create_model_supervised
    with estimator_pipeline(_internal_pipeline, model) as pipeline_with_model:
  File "c:\users\hbani\appdata\local\programs\python\python38\lib\site-packages\pycaret\internal\pipeline.py", line 199, in __enter__
    add_estimator_to_pipeline(self.pipeline, self.estimator)
  File "c:\users\hbani\appdata\local\programs\python\python38\lib\site-packages\pycaret\internal\pipeline.py", line 222, in add_estimator_to_pipeline
    pipeline._carry_over_final_estimator_fit_vars()
  File "c:\users\hbani\appdata\local\programs\python\python38\lib\site-packages\pycaret\internal\pipeline.py", line 57, in _carry_over_final_estimator_fit_vars
    for k, v in get_all_object_vars_and_properties(
  File "c:\users\hbani\appdata\local\programs\python\python38\lib\site-packages\pycaret\internal\utils.py", line 562, in get_all_object_vars_and_properties
    return {
  File "c:\users\hbani\appdata\local\programs\python\python38\lib\site-packages\pycaret\internal\utils.py", line 565, in <dictcomp>
    if k[:2] != "__" and type(getattr(object, k, "")).__name__ != "method"
  File "c:\users\hbani\appdata\local\programs\python\python38\lib\site-packages\xgboost\sklearn.py", line 687, in feature_importances_
    b = self.get_booster()
  File "c:\users\hbani\appdata\local\programs\python\python38\lib\site-packages\xgboost\sklearn.py", line 261, in get_booster
    raise XGBoostError('need to call fit or load_model beforehand')
xgboost.core.XGBoostError: need to call fit or load_model beforehand

2020-12-19 14:28:19,541:INFO:Initializing create_model()
2020-12-19 14:28:19,541:INFO:create_model(estimator=xgboost, fold=StratifiedKFold(n_splits=10, random_state=2098, shuffle=False), round=4, cross_validation=True, predict=True, fit_kwargs=None, groups=None, refit=False, verbose=False, system=False, metrics=None, display=<pycaret.internal.Display.Display object at 0x000002CB40C3C2B0>, kwargs={})
2020-12-19 14:28:19,541:INFO:Checking exceptions
2020-12-19 14:28:19,541:INFO:Importing libraries
2020-12-19 14:28:19,541:INFO:Copying training dataset
2020-12-19 14:28:19,541:INFO:Defining folds
2020-12-19 14:28:19,541:INFO:Declaring metric variables
2020-12-19 14:28:19,541:INFO:Importing untrained model
2020-12-19 14:28:19,541:INFO:Extreme Gradient Boosting Imported succesfully
2020-12-19 14:28:19,541:INFO:Starting cross validation
2020-12-19 14:28:19,541:ERROR:create_model() for xgboost raised an exception:
2020-12-19 14:28:19,545:ERROR:Traceback (most recent call last):
  File "c:\users\hbani\appdata\local\programs\python\python38\lib\site-packages\pycaret\internal\pipeline.py", line 217, in add_estimator_to_pipeline
    assert hasattr(pipeline._final_estimator, "predict")
AssertionError

During handling of the above exception, another exception occurred:

Traceback (most recent call last):
  File "c:\users\hbani\appdata\local\programs\python\python38\lib\site-packages\pycaret\internal\tabular.py", line 2136, in compare_models
    model, model_fit_time = create_model_supervised(
  File "c:\users\hbani\appdata\local\programs\python\python38\lib\site-packages\pycaret\internal\tabular.py", line 3080, in create_model_supervised
    with estimator_pipeline(_internal_pipeline, model) as pipeline_with_model:
  File "c:\users\hbani\appdata\local\programs\python\python38\lib\site-packages\pycaret\internal\pipeline.py", line 199, in __enter__
    add_estimator_to_pipeline(self.pipeline, self.estimator)
  File "c:\users\hbani\appdata\local\programs\python\python38\lib\site-packages\pycaret\internal\pipeline.py", line 222, in add_estimator_to_pipeline
    pipeline._carry_over_final_estimator_fit_vars()
  File "c:\users\hbani\appdata\local\programs\python\python38\lib\site-packages\pycaret\internal\pipeline.py", line 57, in _carry_over_final_estimator_fit_vars
    for k, v in get_all_object_vars_and_properties(
  File "c:\users\hbani\appdata\local\programs\python\python38\lib\site-packages\pycaret\internal\utils.py", line 562, in get_all_object_vars_and_properties
    return {
  File "c:\users\hbani\appdata\local\programs\python\python38\lib\site-packages\pycaret\internal\utils.py", line 565, in <dictcomp>
    if k[:2] != "__" and type(getattr(object, k, "")).__name__ != "method"
  File "c:\users\hbani\appdata\local\programs\python\python38\lib\site-packages\xgboost\sklearn.py", line 687, in feature_importances_
    b = self.get_booster()
  File "c:\users\hbani\appdata\local\programs\python\python38\lib\site-packages\xgboost\sklearn.py", line 261, in get_booster
    raise XGBoostError('need to call fit or load_model beforehand')
xgboost.core.XGBoostError: need to call fit or load_model beforehand

During handling of the above exception, another exception occurred:

Traceback (most recent call last):
  File "c:\users\hbani\appdata\local\programs\python\python38\lib\site-packages\pycaret\internal\pipeline.py", line 217, in add_estimator_to_pipeline
    assert hasattr(pipeline._final_estimator, "predict")
AssertionError

During handling of the above exception, another exception occurred:

Traceback (most recent call last):
  File "c:\users\hbani\appdata\local\programs\python\python38\lib\site-packages\pycaret\internal\tabular.py", line 2156, in compare_models
    model, model_fit_time = create_model_supervised(
  File "c:\users\hbani\appdata\local\programs\python\python38\lib\site-packages\pycaret\internal\tabular.py", line 3080, in create_model_supervised
    with estimator_pipeline(_internal_pipeline, model) as pipeline_with_model:
  File "c:\users\hbani\appdata\local\programs\python\python38\lib\site-packages\pycaret\internal\pipeline.py", line 199, in __enter__
    add_estimator_to_pipeline(self.pipeline, self.estimator)
  File "c:\users\hbani\appdata\local\programs\python\python38\lib\site-packages\pycaret\internal\pipeline.py", line 222, in add_estimator_to_pipeline
    pipeline._carry_over_final_estimator_fit_vars()
  File "c:\users\hbani\appdata\local\programs\python\python38\lib\site-packages\pycaret\internal\pipeline.py", line 57, in _carry_over_final_estimator_fit_vars
    for k, v in get_all_object_vars_and_properties(
  File "c:\users\hbani\appdata\local\programs\python\python38\lib\site-packages\pycaret\internal\utils.py", line 562, in get_all_object_vars_and_properties
    return {
  File "c:\users\hbani\appdata\local\programs\python\python38\lib\site-packages\pycaret\internal\utils.py", line 565, in <dictcomp>
    if k[:2] != "__" and type(getattr(object, k, "")).__name__ != "method"
  File "c:\users\hbani\appdata\local\programs\python\python38\lib\site-packages\xgboost\sklearn.py", line 687, in feature_importances_
    b = self.get_booster()
  File "c:\users\hbani\appdata\local\programs\python\python38\lib\site-packages\xgboost\sklearn.py", line 261, in get_booster
    raise XGBoostError('need to call fit or load_model beforehand')
xgboost.core.XGBoostError: need to call fit or load_model beforehand

2020-12-19 14:28:19,545:INFO:Initializing Light Gradient Boosting Machine
2020-12-19 14:28:19,545:INFO:Total runtime is 0.23163535197575888 minutes
2020-12-19 14:28:19,545:INFO:SubProcess create_model() called ==================================
2020-12-19 14:28:19,545:INFO:Initializing create_model()
2020-12-19 14:28:19,545:INFO:create_model(estimator=lightgbm, fold=StratifiedKFold(n_splits=10, random_state=2098, shuffle=False), round=4, cross_validation=True, predict=True, fit_kwargs={}, groups=None, refit=False, verbose=False, system=False, metrics=None, display=<pycaret.internal.Display.Display object at 0x000002CB40C3C2B0>, kwargs={})
2020-12-19 14:28:19,545:INFO:Checking exceptions
2020-12-19 14:28:19,545:INFO:Importing libraries
2020-12-19 14:28:19,545:INFO:Copying training dataset
2020-12-19 14:28:19,545:INFO:Defining folds
2020-12-19 14:28:19,545:INFO:Declaring metric variables
2020-12-19 14:28:19,545:INFO:Importing untrained model
2020-12-19 14:28:19,545:INFO:Light Gradient Boosting Machine Imported succesfully
2020-12-19 14:28:19,545:INFO:Starting cross validation
2020-12-19 14:28:19,545:INFO:Cross validating with StratifiedKFold(n_splits=10, random_state=2098, shuffle=False), n_jobs=-1
2020-12-19 14:28:19,838:INFO:Calculating mean and std
2020-12-19 14:28:19,838:INFO:Creating metrics dataframe
2020-12-19 14:28:19,846:INFO:Uploading results into container
2020-12-19 14:28:19,846:INFO:Uploading model into container now
2020-12-19 14:28:19,846:INFO:create_model_container: 13
2020-12-19 14:28:19,846:INFO:master_model_container: 13
2020-12-19 14:28:19,846:INFO:display_container: 1
2020-12-19 14:28:19,846:INFO:LGBMClassifier(boosting_type='gbdt', class_weight=None, colsample_bytree=1.0,
               importance_type='split', learning_rate=0.1, max_depth=-1,
               min_child_samples=20, min_child_weight=0.001, min_split_gain=0.0,
               n_estimators=100, n_jobs=-1, num_leaves=31, objective=None,
               random_state=2098, reg_alpha=0.0, reg_lambda=0.0, silent=True,
               subsample=1.0, subsample_for_bin=200000, subsample_freq=0)
2020-12-19 14:28:19,846:INFO:create_model() succesfully completed......................................
2020-12-19 14:28:19,929:INFO:SubProcess create_model() end ==================================
2020-12-19 14:28:19,929:INFO:Creating metrics dataframe
2020-12-19 14:28:19,948:INFO:Initializing CatBoost Classifier
2020-12-19 14:28:19,948:INFO:Total runtime is 0.23836393356323243 minutes
2020-12-19 14:28:19,948:INFO:SubProcess create_model() called ==================================
2020-12-19 14:28:19,948:INFO:Initializing create_model()
2020-12-19 14:28:19,948:INFO:create_model(estimator=catboost, fold=StratifiedKFold(n_splits=10, random_state=2098, shuffle=False), round=4, cross_validation=True, predict=True, fit_kwargs={}, groups=None, refit=False, verbose=False, system=False, metrics=None, display=<pycaret.internal.Display.Display object at 0x000002CB40C3C2B0>, kwargs={})
2020-12-19 14:28:19,948:INFO:Checking exceptions
2020-12-19 14:28:19,948:INFO:Importing libraries
2020-12-19 14:28:19,948:INFO:Copying training dataset
2020-12-19 14:28:19,952:INFO:Defining folds
2020-12-19 14:28:19,952:INFO:Declaring metric variables
2020-12-19 14:28:19,952:INFO:Importing untrained model
2020-12-19 14:28:19,952:INFO:CatBoost Classifier Imported succesfully
2020-12-19 14:28:19,952:INFO:Starting cross validation
2020-12-19 14:28:19,956:INFO:Cross validating with StratifiedKFold(n_splits=10, random_state=2098, shuffle=False), n_jobs=-1
2020-12-19 14:28:54,843:INFO:Calculating mean and std
2020-12-19 14:28:54,843:INFO:Creating metrics dataframe
2020-12-19 14:28:54,851:INFO:Uploading results into container
2020-12-19 14:28:54,851:INFO:Uploading model into container now
2020-12-19 14:28:54,851:INFO:create_model_container: 14
2020-12-19 14:28:54,851:INFO:master_model_container: 14
2020-12-19 14:28:54,851:INFO:display_container: 1
2020-12-19 14:28:54,851:INFO:<catboost.core.CatBoostClassifier object at 0x000002CB5F8FC400>
2020-12-19 14:28:54,851:INFO:create_model() succesfully completed......................................
2020-12-19 14:28:54,960:WARNING:create_model() for <catboost.core.CatBoostClassifier object at 0x000002CB5F8FC400> raised an exception or returned all 0.0, trying without fit_kwargs:
2020-12-19 14:28:54,960:WARNING:Traceback (most recent call last):
  File "c:\users\hbani\appdata\local\programs\python\python38\lib\site-packages\pycaret\internal\tabular.py", line 2149, in compare_models
    assert np.sum(model_results.iloc[0]) != 0.0
AssertionError

2020-12-19 14:28:54,964:INFO:Initializing create_model()
2020-12-19 14:28:54,964:INFO:create_model(estimator=<catboost.core.CatBoostClassifier object at 0x000002CB5F8FC400>, fold=StratifiedKFold(n_splits=10, random_state=2098, shuffle=False), round=4, cross_validation=True, predict=True, fit_kwargs=None, groups=None, refit=False, verbose=False, system=False, metrics=None, display=<pycaret.internal.Display.Display object at 0x000002CB40C3C2B0>, kwargs={})
2020-12-19 14:28:54,964:INFO:Checking exceptions
2020-12-19 14:28:54,964:INFO:Importing libraries
2020-12-19 14:28:54,964:INFO:Copying training dataset
2020-12-19 14:28:54,964:INFO:Defining folds
2020-12-19 14:28:54,964:INFO:Declaring metric variables
2020-12-19 14:28:54,964:INFO:Importing untrained model
2020-12-19 14:28:54,964:INFO:Declaring custom model
2020-12-19 14:28:54,964:INFO:CatBoost Classifier Imported succesfully
2020-12-19 14:28:54,964:INFO:Starting cross validation
2020-12-19 14:28:54,968:INFO:Cross validating with StratifiedKFold(n_splits=10, random_state=2098, shuffle=False), n_jobs=-1
2020-12-19 14:29:52,970:INFO:Calculating mean and std
2020-12-19 14:29:52,970:INFO:Creating metrics dataframe
2020-12-19 14:29:52,982:INFO:Uploading results into container
2020-12-19 14:29:52,982:INFO:Uploading model into container now
2020-12-19 14:29:52,982:INFO:create_model_container: 15
2020-12-19 14:29:52,982:INFO:master_model_container: 15
2020-12-19 14:29:52,982:INFO:display_container: 1
2020-12-19 14:29:52,982:INFO:<catboost.core.CatBoostClassifier object at 0x000002CB5F8FA2B0>
2020-12-19 14:29:52,982:INFO:create_model() succesfully completed......................................
2020-12-19 14:29:53,090:INFO:SubProcess create_model() end ==================================
2020-12-19 14:29:53,090:INFO:Creating metrics dataframe
2020-12-19 14:29:53,134:INFO:Initializing create_model()
2020-12-19 14:29:53,134:INFO:create_model(estimator=ExtraTreesClassifier(bootstrap=False, ccp_alpha=0.0, class_weight=None,
                     criterion='gini', max_depth=None, max_features='auto',
                     max_leaf_nodes=None, max_samples=None,
                     min_impurity_decrease=0.0, min_impurity_split=None,
                     min_samples_leaf=1, min_samples_split=2,
                     min_weight_fraction_leaf=0.0, n_estimators=100, n_jobs=-1,
                     oob_score=False, random_state=2098, verbose=0,
                     warm_start=False), fold=StratifiedKFold(n_splits=10, random_state=2098, shuffle=False), round=4, cross_validation=False, predict=False, fit_kwargs={}, groups=None, refit=True, verbose=False, system=False, metrics=None, display=None, kwargs={})
2020-12-19 14:29:53,134:INFO:Checking exceptions
2020-12-19 14:29:53,134:INFO:Importing libraries
2020-12-19 14:29:53,134:INFO:Copying training dataset
2020-12-19 14:29:53,134:INFO:Defining folds
2020-12-19 14:29:53,134:INFO:Declaring metric variables
2020-12-19 14:29:53,134:INFO:Importing untrained model
2020-12-19 14:29:53,134:INFO:Declaring custom model
2020-12-19 14:29:53,138:INFO:Extra Trees Classifier Imported succesfully
2020-12-19 14:29:53,138:INFO:Cross validation set to False
2020-12-19 14:29:53,138:INFO:Fitting Model
2020-12-19 14:29:53,499:INFO:ExtraTreesClassifier(bootstrap=False, ccp_alpha=0.0, class_weight=None,
                     criterion='gini', max_depth=None, max_features='auto',
                     max_leaf_nodes=None, max_samples=None,
                     min_impurity_decrease=0.0, min_impurity_split=None,
                     min_samples_leaf=1, min_samples_split=2,
                     min_weight_fraction_leaf=0.0, n_estimators=100, n_jobs=-1,
                     oob_score=False, random_state=2098, verbose=0,
                     warm_start=False)
2020-12-19 14:29:53,499:INFO:create_models() succesfully completed......................................
2020-12-19 14:29:53,651:INFO:create_model_container: 15
2020-12-19 14:29:53,651:INFO:master_model_container: 15
2020-12-19 14:29:53,651:INFO:display_container: 1
2020-12-19 14:29:53,651:INFO:ExtraTreesClassifier(bootstrap=False, ccp_alpha=0.0, class_weight=None,
                     criterion='gini', max_depth=None, max_features='auto',
                     max_leaf_nodes=None, max_samples=None,
                     min_impurity_decrease=0.0, min_impurity_split=None,
                     min_samples_leaf=1, min_samples_split=2,
                     min_weight_fraction_leaf=0.0, n_estimators=100, n_jobs=-1,
                     oob_score=False, random_state=2098, verbose=0,
                     warm_start=False)
2020-12-19 14:29:53,651:INFO:compare_models() succesfully completed......................................
